18:45:06 **** Incremental Build of configuration Debug for project algorithms01 ****
make all 
Building file: ../src/Permutations.cpp
Invoking: GCC C++ Compiler
g++ -std=c++0x -O0 -g3 -Wall -c -fmessage-length=0 -MMD -MP -MF"src/Permutations.d" -MT"src/Permutations.d" -o "src/Permutations.o" "../src/Permutations.cpp"
In file included from /usr/include/x86_64-linux-gnu/c++/4.8/bits/c++allocator.h:33:0,
                 from /usr/include/c++/4.8/bits/allocator.h:46,
                 from /usr/include/c++/4.8/vector:61,
                 from ../src/Permutations.h:11,
                 from ../src/Permutations.cpp:8:
/usr/include/c++/4.8/ext/new_allocator.h: In instantiation of ‘struct __gnu_cxx::new_allocator<Permutation&>’:
/usr/include/c++/4.8/bits/allocator.h:92:11:   required from ‘class std::allocator<Permutation&>’
/usr/include/c++/4.8/bits/alloc_traits.h:90:43:   required from ‘struct std::allocator_traits<std::allocator<Permutation&> >’
/usr/include/c++/4.8/ext/alloc_traits.h:121:10:   required from ‘struct __gnu_cxx::__alloc_traits<std::allocator<Permutation&> >’
/usr/include/c++/4.8/bits/stl_vector.h:75:28:   required from ‘struct std::_Vector_base<Permutation&, std::allocator<Permutation&> >’
/usr/include/c++/4.8/bits/stl_vector.h:210:11:   required from ‘class std::vector<Permutation&>’
../src/Permutations.h:19:25:   required from here
/usr/include/c++/4.8/ext/new_allocator.h:63:26: error: forming pointer to reference type ‘Permutation&’
       typedef _Tp*       pointer;
                          ^
/usr/include/c++/4.8/ext/new_allocator.h:64:26: error: forming pointer to reference type ‘Permutation&’
       typedef const _Tp* const_pointer;
                          ^
In file included from /usr/include/c++/4.8/vector:61:0,
                 from ../src/Permutations.h:11,
                 from ../src/Permutations.cpp:8:
/usr/include/c++/4.8/bits/allocator.h: In instantiation of ‘class std::allocator<Permutation&>’:
/usr/include/c++/4.8/bits/alloc_traits.h:90:43:   required from ‘struct std::allocator_traits<std::allocator<Permutation&> >’
/usr/include/c++/4.8/ext/alloc_traits.h:121:10:   required from ‘struct __gnu_cxx::__alloc_traits<std::allocator<Permutation&> >’
/usr/include/c++/4.8/bits/stl_vector.h:75:28:   required from ‘struct std::_Vector_base<Permutation&, std::allocator<Permutation&> >’
/usr/include/c++/4.8/bits/stl_vector.h:210:11:   required from ‘class std::vector<Permutation&>’
../src/Permutations.h:19:25:   required from here
/usr/include/c++/4.8/bits/allocator.h:97:26: error: forming pointer to reference type ‘Permutation&’
       typedef _Tp*       pointer;
                          ^
/usr/include/c++/4.8/bits/allocator.h:98:26: error: forming pointer to reference type ‘Permutation&’
       typedef const _Tp* const_pointer;
                          ^
In file included from /usr/include/c++/4.8/ext/alloc_traits.h:36:0,
                 from /usr/include/c++/4.8/bits/stl_construct.h:61,
                 from /usr/include/c++/4.8/vector:62,
                 from ../src/Permutations.h:11,
                 from ../src/Permutations.cpp:8:
/usr/include/c++/4.8/bits/alloc_traits.h: In instantiation of ‘struct std::allocator_traits<std::allocator<Permutation&> >’:
/usr/include/c++/4.8/ext/alloc_traits.h:121:10:   required from ‘struct __gnu_cxx::__alloc_traits<std::allocator<Permutation&> >’
/usr/include/c++/4.8/bits/stl_vector.h:75:28:   required from ‘struct std::_Vector_base<Permutation&, std::allocator<Permutation&> >’
/usr/include/c++/4.8/bits/stl_vector.h:210:11:   required from ‘class std::vector<Permutation&>’
../src/Permutations.h:19:25:   required from here
/usr/include/c++/4.8/bits/alloc_traits.h:100:1: error: forming pointer to reference type ‘std::allocator_traits<std::allocator<Permutation&> >::value_type {aka Permutation&}’
 _GLIBCXX_ALLOC_TR_NESTED_TYPE(pointer, value_type*)
 ^
/usr/include/c++/4.8/bits/alloc_traits.h:100:1: error: no matching function for call to ‘std::allocator_traits<std::allocator<Permutation&> >::_S_pointer_helper(std::allocator<Permutation&>*)’
 _GLIBCXX_ALLOC_TR_NESTED_TYPE(pointer, value_type*)
 ^
/usr/include/c++/4.8/bits/alloc_traits.h:100:1: note: candidate is:
/usr/include/c++/4.8/bits/alloc_traits.h:100:1: note: template<class _Tp> static typename _Tp::pointer std::allocator_traits<_Alloc>::_S_pointer_helper(_Tp*) [with _Tp = _Tp; _Alloc = std::allocator<Permutation&>]
 _GLIBCXX_ALLOC_TR_NESTED_TYPE(pointer, value_type*)
 ^
/usr/include/c++/4.8/bits/alloc_traits.h:100:1: note:   template argument deduction/substitution failed:
/usr/include/c++/4.8/bits/alloc_traits.h:109:1: error: no matching function for call to ‘std::allocator_traits<std::allocator<Permutation&> >::_S_const_pointer_helper(std::allocator<Permutation&>*)’
 _GLIBCXX_ALLOC_TR_NESTED_TYPE(const_pointer,
 ^
/usr/include/c++/4.8/bits/alloc_traits.h:109:1: note: candidate is:
/usr/include/c++/4.8/bits/alloc_traits.h:109:1: note: template<class _Tp> static typename _Tp::const_pointer std::allocator_traits<_Alloc>::_S_const_pointer_helper(_Tp*) [with _Tp = _Tp; _Alloc = std::allocator<Permutation&>]
 _GLIBCXX_ALLOC_TR_NESTED_TYPE(const_pointer,
 ^
/usr/include/c++/4.8/bits/alloc_traits.h:109:1: note:   template argument deduction/substitution failed:
/usr/include/c++/4.8/bits/alloc_traits.h:120:1: error: no matching function for call to ‘std::allocator_traits<std::allocator<Permutation&> >::_S_void_pointer_helper(std::allocator<Permutation&>*)’
 _GLIBCXX_ALLOC_TR_NESTED_TYPE(void_pointer,
 ^
/usr/include/c++/4.8/bits/alloc_traits.h:120:1: note: candidate is:
/usr/include/c++/4.8/bits/alloc_traits.h:120:1: note: template<class _Tp> static typename _Tp::void_pointer std::allocator_traits<_Alloc>::_S_void_pointer_helper(_Tp*) [with _Tp = _Tp; _Alloc = std::allocator<Permutation&>]
 _GLIBCXX_ALLOC_TR_NESTED_TYPE(void_pointer,
 ^
/usr/include/c++/4.8/bits/alloc_traits.h:120:1: note:   template argument deduction/substitution failed:
/usr/include/c++/4.8/bits/alloc_traits.h: In substitution of ‘template<class _Tp> static typename _Tp::void_pointer std::allocator_traits<_Alloc>::_S_void_pointer_helper(_Tp*) [with _Tp = _Tp; _Alloc = std::allocator<Permutation&>] [with _Tp = std::allocator<Permutation&>]’:
/usr/include/c++/4.8/bits/alloc_traits.h:120:1:   required from ‘struct std::allocator_traits<std::allocator<Permutation&> >’
/usr/include/c++/4.8/ext/alloc_traits.h:121:10:   required from ‘struct __gnu_cxx::__alloc_traits<std::allocator<Permutation&> >’
/usr/include/c++/4.8/bits/stl_vector.h:75:28:   required from ‘struct std::_Vector_base<Permutation&, std::allocator<Permutation&> >’
/usr/include/c++/4.8/bits/stl_vector.h:210:11:   required from ‘class std::vector<Permutation&>’
../src/Permutations.h:19:25:   required from here
/usr/include/c++/4.8/bits/alloc_traits.h:120:1: error: no type named ‘void_pointer’ in ‘class std::allocator<Permutation&>’
/usr/include/c++/4.8/bits/alloc_traits.h: In instantiation of ‘struct std::allocator_traits<std::allocator<Permutation&> >’:
/usr/include/c++/4.8/ext/alloc_traits.h:121:10:   required from ‘struct __gnu_cxx::__alloc_traits<std::allocator<Permutation&> >’
/usr/include/c++/4.8/bits/stl_vector.h:75:28:   required from ‘struct std::_Vector_base<Permutation&, std::allocator<Permutation&> >’
/usr/include/c++/4.8/bits/stl_vector.h:210:11:   required from ‘class std::vector<Permutation&>’
../src/Permutations.h:19:25:   required from here
/usr/include/c++/4.8/bits/alloc_traits.h:131:1: error: no matching function for call to ‘std::allocator_traits<std::allocator<Permutation&> >::_S_const_void_pointer_helper(std::allocator<Permutation&>*)’
 _GLIBCXX_ALLOC_TR_NESTED_TYPE(const_void_pointer,
 ^
/usr/include/c++/4.8/bits/alloc_traits.h:131:1: note: candidate is:
/usr/include/c++/4.8/bits/alloc_traits.h:131:1: note: template<class _Tp> static typename _Tp::const_void_pointer std::allocator_traits<_Alloc>::_S_const_void_pointer_helper(_Tp*) [with _Tp = _Tp; _Alloc = std::allocator<Permutation&>]
 _GLIBCXX_ALLOC_TR_NESTED_TYPE(const_void_pointer,
 ^
/usr/include/c++/4.8/bits/alloc_traits.h:131:1: note:   template argument deduction/substitution failed:
/usr/include/c++/4.8/bits/alloc_traits.h: In substitution of ‘template<class _Tp> static typename _Tp::const_void_pointer std::allocator_traits<_Alloc>::_S_const_void_pointer_helper(_Tp*) [with _Tp = _Tp; _Alloc = std::allocator<Permutation&>] [with _Tp = std::allocator<Permutation&>]’:
/usr/include/c++/4.8/bits/alloc_traits.h:131:1:   required from ‘struct std::allocator_traits<std::allocator<Permutation&> >’
/usr/include/c++/4.8/ext/alloc_traits.h:121:10:   required from ‘struct __gnu_cxx::__alloc_traits<std::allocator<Permutation&> >’
/usr/include/c++/4.8/bits/stl_vector.h:75:28:   required from ‘struct std::_Vector_base<Permutation&, std::allocator<Permutation&> >’
/usr/include/c++/4.8/bits/stl_vector.h:210:11:   required from ‘class std::vector<Permutation&>’
../src/Permutations.h:19:25:   required from here
/usr/include/c++/4.8/bits/alloc_traits.h:131:1: error: no type named ‘const_void_pointer’ in ‘class std::allocator<Permutation&>’
In file included from /usr/include/c++/4.8/bits/stl_construct.h:61:0,
                 from /usr/include/c++/4.8/vector:62,
                 from ../src/Permutations.h:11,
                 from ../src/Permutations.cpp:8:
/usr/include/c++/4.8/ext/alloc_traits.h: In instantiation of ‘struct __gnu_cxx::__alloc_traits<std::allocator<Permutation&> >’:
/usr/include/c++/4.8/bits/stl_vector.h:75:28:   required from ‘struct std::_Vector_base<Permutation&, std::allocator<Permutation&> >’
/usr/include/c++/4.8/bits/stl_vector.h:210:11:   required from ‘class std::vector<Permutation&>’
../src/Permutations.h:19:25:   required from here
/usr/include/c++/4.8/ext/alloc_traits.h:137:23: error: no members matching ‘__gnu_cxx::__alloc_traits<std::allocator<Permutation&> >::_Base_type {aka std::allocator_traits<std::allocator<Permutation&> >}::allocate’ in ‘__gnu_cxx::__alloc_traits<std::allocator<Permutation&> >::_Base_type {aka struct std::allocator_traits<std::allocator<Permutation&> >}’
     using _Base_type::allocate;
                       ^
/usr/include/c++/4.8/ext/alloc_traits.h:138:23: error: no members matching ‘__gnu_cxx::__alloc_traits<std::allocator<Permutation&> >::_Base_type {aka std::allocator_traits<std::allocator<Permutation&> >}::deallocate’ in ‘__gnu_cxx::__alloc_traits<std::allocator<Permutation&> >::_Base_type {aka struct std::allocator_traits<std::allocator<Permutation&> >}’
     using _Base_type::deallocate;
                       ^
In file included from /usr/include/c++/4.8/vector:64:0,
                 from ../src/Permutations.h:11,
                 from ../src/Permutations.cpp:8:
/usr/include/c++/4.8/bits/stl_vector.h: In instantiation of ‘class std::vector<Permutation&>’:
../src/Permutations.h:19:25:   required from here
/usr/include/c++/4.8/bits/stl_vector.h:237:20: error: no members matching ‘std::vector<Permutation&>::_Base {aka std::_Vector_base<Permutation&, std::allocator<Permutation&> >}::_M_allocate’ in ‘std::vector<Permutation&>::_Base {aka struct std::_Vector_base<Permutation&, std::allocator<Permutation&> >}’
       using _Base::_M_allocate;
                    ^
/usr/include/c++/4.8/bits/stl_vector.h:238:20: error: no members matching ‘std::vector<Permutation&>::_Base {aka std::_Vector_base<Permutation&, std::allocator<Permutation&> >}::_M_deallocate’ in ‘std::vector<Permutation&>::_Base {aka struct std::_Vector_base<Permutation&, std::allocator<Permutation&> >}’
       using _Base::_M_deallocate;
                    ^
/usr/include/c++/4.8/bits/stl_vector.h:878:7: error: forming pointer to reference type ‘Permutation&’
       data() _GLIBCXX_NOEXCEPT
       ^
/usr/include/c++/4.8/bits/stl_vector.h:886:7: error: forming pointer to reference type ‘Permutation&’
       data() const _GLIBCXX_NOEXCEPT
       ^
/usr/include/c++/4.8/bits/stl_vector.h:919:7: error: ‘void std::vector<_Tp, _Alloc>::push_back(std::vector<_Tp, _Alloc>::value_type&&) [with _Tp = Permutation&; _Alloc = std::allocator<Permutation&>; std::vector<_Tp, _Alloc>::value_type = Permutation&]’ cannot be overloaded
       push_back(value_type&& __x)
       ^
/usr/include/c++/4.8/bits/stl_vector.h:901:7: error: with ‘void std::vector<_Tp, _Alloc>::push_back(const value_type&) [with _Tp = Permutation&; _Alloc = std::allocator<Permutation&>; std::vector<_Tp, _Alloc>::value_type = Permutation&]’
       push_back(const value_type& __x)
       ^
In file included from ../src/Permutations.cpp:8:0:
../src/Permutations.h: In member function ‘short unsigned int Permutation::getVal(int)’:
../src/Permutations.h:54:14: error: expected unqualified-id before ‘[’ token
   return _p->[idx];
              ^
../src/Permutations.h: In member function ‘void Permutation::setVal(int, short unsigned int)’:
../src/Permutations.h:59:25: warning: comparison between signed and unsigned integer expressions [-Wsign-compare]
        if (_p->size() > idx)
                         ^
../src/Permutations.h:61:13: error: expected unqualified-id before ‘[’ token
         _p->[idx] = val;
             ^
../src/Permutations.h:66:16: error: expected unqualified-id before ‘[’ token
            _p->[idx] = val;
                ^
In file included from /usr/include/c++/4.8/vector:64:0,
                 from ../src/Permutations.h:11,
                 from ../src/Permutations.cpp:8:
/usr/include/c++/4.8/bits/stl_vector.h: In instantiation of ‘std::vector<_Tp, _Alloc>::~vector() [with _Tp = Permutation&; _Alloc = std::allocator<Permutation&>]’:
../src/Permutations.cpp:10:28:   required from here
/usr/include/c++/4.8/bits/stl_vector.h:416:30: error: ‘struct std::_Vector_base<Permutation&, std::allocator<Permutation&> >::_Vector_impl’ has no member named ‘_M_start’
         _M_get_Tp_allocator()); }
                              ^
/usr/include/c++/4.8/bits/stl_vector.h:416:30: error: ‘struct std::_Vector_base<Permutation&, std::allocator<Permutation&> >::_Vector_impl’ has no member named ‘_M_finish’
/usr/include/c++/4.8/bits/stl_vector.h: In instantiation of ‘std::_Vector_base<_Tp, _Alloc>::~_Vector_base() [with _Tp = Permutation&; _Alloc = std::allocator<Permutation&>]’:
/usr/include/c++/4.8/bits/stl_vector.h:249:15:   required from ‘std::vector<_Tp, _Alloc>::vector() [with _Tp = Permutation&; _Alloc = std::allocator<Permutation&>]’
../src/Permutations.cpp:10:28:   required from here
/usr/include/c++/4.8/bits/stl_vector.h:161:33: error: ‘struct std::_Vector_base<Permutation&, std::allocator<Permutation&> >::_Vector_impl’ has no member named ‘_M_start’
         - this->_M_impl._M_start); }
                                 ^
/usr/include/c++/4.8/bits/stl_vector.h:161:9: error: ‘struct std::_Vector_base<Permutation&, std::allocator<Permutation&> >::_Vector_impl’ has no member named ‘_M_start’
         - this->_M_impl._M_start); }
         ^
/usr/include/c++/4.8/bits/stl_vector.h:161:9: error: ‘struct std::_Vector_base<Permutation&, std::allocator<Permutation&> >::_Vector_impl’ has no member named ‘_M_end_of_storage’
/usr/include/c++/4.8/bits/stl_vector.h:161:33: error: ‘_M_deallocate’ was not declared in this scope
         - this->_M_impl._M_start); }
                                 ^
/usr/include/c++/4.8/bits/stl_vector.h: In instantiation of ‘std::_Vector_base<_Tp, _Alloc>::_Vector_impl::_Vector_impl() [with _Tp = Permutation&; _Alloc = std::allocator<Permutation&>]’:
/usr/include/c++/4.8/bits/stl_vector.h:125:17:   required from ‘std::_Vector_base<_Tp, _Alloc>::_Vector_base() [with _Tp = Permutation&; _Alloc = std::allocator<Permutation&>]’
/usr/include/c++/4.8/bits/stl_vector.h:249:15:   required from ‘std::vector<_Tp, _Alloc>::vector() [with _Tp = Permutation&; _Alloc = std::allocator<Permutation&>]’
../src/Permutations.cpp:10:28:   required from here
/usr/include/c++/4.8/bits/stl_vector.h:87:68: error: using invalid field ‘std::_Vector_base<_Tp, _Alloc>::_Vector_impl::_M_start’
  : _Tp_alloc_type(), _M_start(0), _M_finish(0), _M_end_of_storage(0)
                                                                    ^
/usr/include/c++/4.8/bits/stl_vector.h:87:68: error: using invalid field ‘std::_Vector_base<_Tp, _Alloc>::_Vector_impl::_M_finish’
/usr/include/c++/4.8/bits/stl_vector.h:87:68: error: using invalid field ‘std::_Vector_base<_Tp, _Alloc>::_Vector_impl::_M_end_of_storage’
make: *** [src/Permutations.o] Error 1

18:45:07 Build Finished (took 471ms)

