14:13:38 **** Incremental Build of configuration Debug for project BoostAppDevCookbookCh1 ****
make all 
Building file: ../src/BoostAppDevCookbookCh1.cpp
Invoking: GCC C++ Compiler
g++ -std=c++11 -O0 -g3 -p -pg -Wall -c -fmessage-length=0 -fpermissive -v -MMD -MP -MF"src/BoostAppDevCookbookCh1.d" -MT"src/BoostAppDevCookbookCh1.d" -o "src/BoostAppDevCookbookCh1.o" "../src/BoostAppDevCookbookCh1.cpp"
Using built-in specs.
COLLECT_GCC=g++
Target: x86_64-linux-gnu
Configured with: ../src/configure -v --with-pkgversion='Ubuntu 4.8.4-2ubuntu1~14.04' --with-bugurl=file:///usr/share/doc/gcc-4.8/README.Bugs --enable-languages=c,c++,java,go,d,fortran,objc,obj-c++ --prefix=/usr --program-suffix=-4.8 --enable-shared --enable-linker-build-id --libexecdir=/usr/lib --without-included-gettext --enable-threads=posix --with-gxx-include-dir=/usr/include/c++/4.8 --libdir=/usr/lib --enable-nls --with-sysroot=/ --enable-clocale=gnu --enable-libstdcxx-debug --enable-libstdcxx-time=yes --enable-gnu-unique-object --disable-libmudflap --enable-plugin --with-system-zlib --disable-browser-plugin --enable-java-awt=gtk --enable-gtk-cairo --with-java-home=/usr/lib/jvm/java-1.5.0-gcj-4.8-amd64/jre --enable-java-home --with-jvm-root-dir=/usr/lib/jvm/java-1.5.0-gcj-4.8-amd64 --with-jvm-jar-dir=/usr/lib/jvm-exports/java-1.5.0-gcj-4.8-amd64 --with-arch-directory=amd64 --with-ecj-jar=/usr/share/java/eclipse-ecj.jar --enable-objc-gc --enable-multiarch --disable-werror --with-arch-32=i686 --with-abi=m64 --with-multilib-list=m32,m64,mx32 --with-tune=generic --enable-checking=release --build=x86_64-linux-gnu --host=x86_64-linux-gnu --target=x86_64-linux-gnu
Thread model: posix
gcc version 4.8.4 (Ubuntu 4.8.4-2ubuntu1~14.04) 
COLLECT_GCC_OPTIONS='-std=c++11' '-O0' '-g3' '-p' '-pg' '-Wall' '-c' '-fmessage-length=0' '-fpermissive' '-v' '-MMD' '-MP' '-MF' 'src/BoostAppDevCookbookCh1.d' '-MT' 'src/BoostAppDevCookbookCh1.d' '-o' 'src/BoostAppDevCookbookCh1.o' '-shared-libgcc' '-mtune=generic' '-march=x86-64'
 /usr/lib/gcc/x86_64-linux-gnu/4.8/cc1plus -quiet -v -imultiarch x86_64-linux-gnu -MMD src/BoostAppDevCookbookCh1.d -MF src/BoostAppDevCookbookCh1.d -MP -MT src/BoostAppDevCookbookCh1.d -dD -D_GNU_SOURCE ../src/BoostAppDevCookbookCh1.cpp -quiet -dumpbase BoostAppDevCookbookCh1.cpp -mtune=generic -march=x86-64 -auxbase-strip src/BoostAppDevCookbookCh1.o -g3 -O0 -Wall -std=c++11 -version -p -p -fmessage-length=0 -fpermissive -fstack-protector -Wformat-security -o /tmp/ccqs4CY9.s
GNU C++ (Ubuntu 4.8.4-2ubuntu1~14.04) version 4.8.4 (x86_64-linux-gnu)
	compiled by GNU C version 4.8.4, GMP version 5.1.3, MPFR version 3.1.2-p3, MPC version 1.0.1
GGC heuristics: --param ggc-min-expand=100 --param ggc-min-heapsize=131072
ignoring duplicate directory "/usr/include/x86_64-linux-gnu/c++/4.8"
ignoring nonexistent directory "/usr/local/include/x86_64-linux-gnu"
ignoring nonexistent directory "/usr/lib/gcc/x86_64-linux-gnu/4.8/../../../../x86_64-linux-gnu/include"
#include "..." search starts here:
#include <...> search starts here:
 /usr/include/c++/4.8
 /usr/include/x86_64-linux-gnu/c++/4.8
 /usr/include/c++/4.8/backward
 /usr/lib/gcc/x86_64-linux-gnu/4.8/include
 /usr/local/include
 /usr/lib/gcc/x86_64-linux-gnu/4.8/include-fixed
 /usr/include/x86_64-linux-gnu
 /usr/include
End of search list.
GNU C++ (Ubuntu 4.8.4-2ubuntu1~14.04) version 4.8.4 (x86_64-linux-gnu)
	compiled by GNU C version 4.8.4, GMP version 5.1.3, MPFR version 3.1.2-p3, MPC version 1.0.1
GGC heuristics: --param ggc-min-expand=100 --param ggc-min-heapsize=131072
Compiler executable checksum: 9cb21c615435621dce26fe5e793192fd
../src/BoostAppDevCookbookCh1.cpp: In function ‘int main()’:
../src/BoostAppDevCookbookCh1.cpp:657:10: warning: unused variable ‘j’ [-Wunused-variable]
      int j = convert(text).value();
          ^
COLLECT_GCC_OPTIONS='-std=c++11' '-O0' '-g3' '-p' '-pg' '-Wall' '-c' '-fmessage-length=0' '-fpermissive' '-v' '-MMD' '-MP' '-MF' 'src/BoostAppDevCookbookCh1.d' '-MT' 'src/BoostAppDevCookbookCh1.d' '-o' 'src/BoostAppDevCookbookCh1.o' '-shared-libgcc' '-mtune=generic' '-march=x86-64'
 as -v --64 -o src/BoostAppDevCookbookCh1.o /tmp/ccqs4CY9.s
GNU assembler version 2.24 (x86_64-linux-gnu) using BFD version (GNU Binutils for Ubuntu) 2.24
COMPILER_PATH=/usr/lib/gcc/x86_64-linux-gnu/4.8/:/usr/lib/gcc/x86_64-linux-gnu/4.8/:/usr/lib/gcc/x86_64-linux-gnu/:/usr/lib/gcc/x86_64-linux-gnu/4.8/:/usr/lib/gcc/x86_64-linux-gnu/
LIBRARY_PATH=/usr/lib/gcc/x86_64-linux-gnu/4.8/:/usr/lib/gcc/x86_64-linux-gnu/4.8/../../../x86_64-linux-gnu/:/usr/lib/gcc/x86_64-linux-gnu/4.8/../../../../lib/:/lib/x86_64-linux-gnu/:/lib/../lib/:/usr/lib/x86_64-linux-gnu/:/usr/lib/../lib/:/usr/lib/gcc/x86_64-linux-gnu/4.8/../../../:/lib/:/usr/lib/
COLLECT_GCC_OPTIONS='-std=c++11' '-O0' '-g3' '-p' '-pg' '-Wall' '-c' '-fmessage-length=0' '-fpermissive' '-v' '-MMD' '-MP' '-MF' 'src/BoostAppDevCookbookCh1.d' '-MT' 'src/BoostAppDevCookbookCh1.d' '-o' 'src/BoostAppDevCookbookCh1.o' '-shared-libgcc' '-mtune=generic' '-march=x86-64'
Finished building: ../src/BoostAppDevCookbookCh1.cpp
 
Building target: BoostAppDevCookbookCh1
Invoking: GCC C++ Linker
g++ -pthread -L/opt/boost/boost_1_57_0/stage/lib -p -pg -o "BoostAppDevCookbookCh1"  ./src/BoostAppDevCookbookCh1.o   -lboost_system -lboost_thread
Finished building target: BoostAppDevCookbookCh1
 

14:13:45 Build Finished (took 6s.938ms)

