14:13:47 **** Incremental Build of configuration Debug for project BoostFusionTutorial ****
make all 
Building file: ../src/BoostFusionTutorial.cpp
Invoking: GCC C++ Compiler
g++ -O0 -g3 -Wall -c -fmessage-length=0 -MMD -MP -MF"src/BoostFusionTutorial.d" -MT"src/BoostFusionTutorial.d" -o "src/BoostFusionTutorial.o" "../src/BoostFusionTutorial.cpp"
../src/BoostFusionTutorial.cpp: In function ‘int main()’:
../src/BoostFusionTutorial.cpp:209:18: warning: the address of ‘rv_vec2 rv_v2(boost::fusion::repetitive_view<boost::fusion::vector<int, char, double> >)’ will always evaluate as ‘true’ [-Waddress]
     std::cout << rv_v2 << std::endl; // 1, 'c', 2.0, 1, 'c'
                  ^
../src/BoostFusionTutorial.cpp:134:24: warning: unused variable ‘test’ [-Wunused-variable]
     bmpan_my<int,long> test;
                        ^
../src/BoostFusionTutorial.cpp:227:52: warning: typedef ‘ko_first’ locally defined but not used [-Wunused-local-typedefs]
     typedef fusion::result_of::begin<ko_vec>::type ko_first;
                                                    ^
Finished building: ../src/BoostFusionTutorial.cpp
 
Building target: BoostFusionTutorial
Invoking: GCC C++ Linker
g++ -pthread -L/opt/boost/boost_1_57_0/stage/lib -o "BoostFusionTutorial"  ./src/BoostFusionTutorial.o   -lboost_system -lboost_thread
Finished building target: BoostFusionTutorial
 

14:13:52 Build Finished (took 4s.176ms)

