13:10:29 **** Incremental Build of configuration Debug for project SudokuQlik ****
make all 
make: Nothing to be done for `all'.
13:20:52 **** Incremental Build of configuration Debug for project SudokuQlik ****
make all 
Building file: ../src/Parser.cpp
Invoking: GCC C++ Compiler
g++ -O0 -g3 -Wall -c -fmessage-length=0 -MMD -MP -MF"src/Parser.d" -MT"src/Parser.d" -o "src/Parser.o" "../src/Parser.cpp"
../src/Parser.cpp: In member function ‘bool sudoku::Parser::parse(std::string)’:
../src/Parser.cpp:71:6: warning: unused variable ‘curRowIdx’ [-Wunused-variable]
  int curRowIdx = 0;
      ^
Finished building: ../src/Parser.cpp
 
Building file: ../src/SudokuQlik.cpp
Invoking: GCC C++ Compiler
g++ -O0 -g3 -Wall -c -fmessage-length=0 -MMD -MP -MF"src/SudokuQlik.d" -MT"src/SudokuQlik.d" -o "src/SudokuQlik.o" "../src/SudokuQlik.cpp"
Finished building: ../src/SudokuQlik.cpp
 
Building target: SudokuQlik
Invoking: GCC C++ Linker
g++ -pthread -L-L/opt/boost/boost_1_57_0/stage/lib -o "SudokuQlik"  ./src/Parser.o ./src/SudokuQlik.o   -lboost_system -lboost_thread
Finished building target: SudokuQlik
 
13:24:36 **** Incremental Build of configuration Debug for project SudokuQlik ****
make all 
Building file: ../src/Parser.cpp
Invoking: GCC C++ Compiler
g++ -O0 -g3 -Wall -c -fmessage-length=0 -MMD -MP -MF"src/Parser.d" -MT"src/Parser.d" -o "src/Parser.o" "../src/Parser.cpp"
../src/Parser.cpp: In member function ‘bool sudoku::Parser::parse(std::string)’:
../src/Parser.cpp:71:6: warning: unused variable ‘curRowIdx’ [-Wunused-variable]
  int curRowIdx = 0;
      ^
Finished building: ../src/Parser.cpp
 
Building file: ../src/SudokuQlik.cpp
Invoking: GCC C++ Compiler
g++ -O0 -g3 -Wall -c -fmessage-length=0 -MMD -MP -MF"src/SudokuQlik.d" -MT"src/SudokuQlik.d" -o "src/SudokuQlik.o" "../src/SudokuQlik.cpp"
Finished building: ../src/SudokuQlik.cpp
 
Building target: SudokuQlik
Invoking: GCC C++ Linker
g++ -pthread -L-L/opt/boost/boost_1_57_0/stage/lib -o "SudokuQlik"  ./src/Parser.o ./src/SudokuQlik.o   -lboost_system -lboost_thread
Finished building target: SudokuQlik
 
13:28:52 **** Incremental Build of configuration Debug for project SudokuQlik ****
make all 
Building file: ../src/Parser.cpp
Invoking: GCC C++ Compiler
g++ -O0 -g3 -Wall -c -fmessage-length=0 -MMD -MP -MF"src/Parser.d" -MT"src/Parser.d" -o "src/Parser.o" "../src/Parser.cpp"
../src/Parser.cpp: In member function ‘bool sudoku::Parser::parse(std::string)’:
../src/Parser.cpp:71:6: warning: unused variable ‘curRowIdx’ [-Wunused-variable]
  int curRowIdx = 0;
      ^
Finished building: ../src/Parser.cpp
 
Building file: ../src/SudokuQlik.cpp
Invoking: GCC C++ Compiler
g++ -O0 -g3 -Wall -c -fmessage-length=0 -MMD -MP -MF"src/SudokuQlik.d" -MT"src/SudokuQlik.d" -o "src/SudokuQlik.o" "../src/SudokuQlik.cpp"
Finished building: ../src/SudokuQlik.cpp
 
Building target: SudokuQlik
Invoking: GCC C++ Linker
g++ -pthread -L-L/opt/boost/boost_1_57_0/stage/lib -o "SudokuQlik"  ./src/Parser.o ./src/SudokuQlik.o   -lboost_system -lboost_thread
Finished building target: SudokuQlik
 
13:35:22 **** Incremental Build of configuration Debug for project SudokuQlik ****
make all 
Building file: ../src/Parser.cpp
Invoking: GCC C++ Compiler
g++ -O0 -g3 -Wall -c -fmessage-length=0 -MMD -MP -MF"src/Parser.d" -MT"src/Parser.d" -o "src/Parser.o" "../src/Parser.cpp"
../src/Parser.cpp: In member function ‘bool sudoku::Parser::parse(std::string)’:
../src/Parser.cpp:71:6: warning: unused variable ‘curRowIdx’ [-Wunused-variable]
  int curRowIdx = 0;
      ^
Finished building: ../src/Parser.cpp
 
Building file: ../src/SudokuQlik.cpp
Invoking: GCC C++ Compiler
g++ -O0 -g3 -Wall -c -fmessage-length=0 -MMD -MP -MF"src/SudokuQlik.d" -MT"src/SudokuQlik.d" -o "src/SudokuQlik.o" "../src/SudokuQlik.cpp"
Finished building: ../src/SudokuQlik.cpp
 
Building target: SudokuQlik
Invoking: GCC C++ Linker
g++ -pthread -L-L/opt/boost/boost_1_57_0/stage/lib -o "SudokuQlik"  ./src/Parser.o ./src/SudokuQlik.o   -lboost_system -lboost_thread
Finished building target: SudokuQlik
 
13:38:22 **** Incremental Build of configuration Debug for project SudokuQlik ****
make all 
Building file: ../src/Parser.cpp
Invoking: GCC C++ Compiler
g++ -O0 -g3 -Wall -c -fmessage-length=0 -MMD -MP -MF"src/Parser.d" -MT"src/Parser.d" -o "src/Parser.o" "../src/Parser.cpp"
../src/Parser.cpp: In member function ‘bool sudoku::Parser::parse(std::string)’:
../src/Parser.cpp:71:6: warning: unused variable ‘curRowIdx’ [-Wunused-variable]
  int curRowIdx = 0;
      ^
Finished building: ../src/Parser.cpp
 
Building target: SudokuQlik
Invoking: GCC C++ Linker
g++ -pthread -L-L/opt/boost/boost_1_57_0/stage/lib -o "SudokuQlik"  ./src/Parser.o ./src/SudokuQlik.o   -lboost_system -lboost_thread
Finished building target: SudokuQlik
 
13:41:50 **** Incremental Build of configuration Debug for project SudokuQlik ****
make all 
Building file: ../src/Parser.cpp
Invoking: GCC C++ Compiler
g++ -O0 -g3 -Wall -c -fmessage-length=0 -MMD -MP -MF"src/Parser.d" -MT"src/Parser.d" -o "src/Parser.o" "../src/Parser.cpp"
Finished building: ../src/Parser.cpp
 
Building target: SudokuQlik
Invoking: GCC C++ Linker
g++ -pthread -L-L/opt/boost/boost_1_57_0/stage/lib -o "SudokuQlik"  ./src/Parser.o ./src/SudokuQlik.o   -lboost_system -lboost_thread
Finished building target: SudokuQlik
 
